[debug] [2022-02-19T18:24:07.030Z] ----------------------------------------------------------------------
[debug] [2022-02-19T18:24:07.036Z] Command:       C:\Users\enzo\Downloads\nodejs\node.exe C:\Users\enzo\AppData\Roaming\npm\node_modules\firebase-tools\lib\bin\firebase.js deploy
[debug] [2022-02-19T18:24:07.038Z] CLI Version:   9.16.0
[debug] [2022-02-19T18:24:07.038Z] Platform:      win32
[debug] [2022-02-19T18:24:07.038Z] Node Version:  v14.17.3
[debug] [2022-02-19T18:24:07.040Z] Time:          Sat Feb 19 2022 15:24:07 GMT-0300 (hora estándar de Argentina)
[debug] [2022-02-19T18:24:07.041Z] ----------------------------------------------------------------------
[debug] 
[debug] [2022-02-19T18:24:07.197Z] > command requires scopes: ["email","openid","https://www.googleapis.com/auth/cloudplatformprojects.readonly","https://www.googleapis.com/auth/firebase","https://www.googleapis.com/auth/cloud-platform"]
[debug] [2022-02-19T18:24:07.198Z] > authorizing via signed-in user (dario.ocedo@gmail.com)
[debug] [2022-02-19T18:24:07.199Z] [iam] checking project lascoyitasjuj for permissions ["firebase.projects.get","firebasehosting.sites.update"]
[debug] [2022-02-19T18:24:07.205Z] > refreshing access token with scopes: ["email","https://www.googleapis.com/auth/cloud-platform","https://www.googleapis.com/auth/cloudplatformprojects.readonly","https://www.googleapis.com/auth/firebase","openid"]
[debug] [2022-02-19T18:24:07.207Z] >>> HTTP REQUEST POST https://www.googleapis.com/oauth2/v3/token  
 <request body omitted>
[debug] [2022-02-19T18:24:07.382Z] <<< HTTP RESPONSE 200 {"date":"Sat, 19 Feb 2022 18:24:08 GMT","expires":"Mon, 01 Jan 1990 00:00:00 GMT","cache-control":"no-cache, no-store, max-age=0, must-revalidate","pragma":"no-cache","content-type":"application/json; charset=utf-8","vary":"X-Origin, Referer, Origin,Accept-Encoding","server":"scaffolding on HTTPServer2","x-xss-protection":"0","x-frame-options":"SAMEORIGIN","x-content-type-options":"nosniff","alt-svc":"h3=\":443\"; ma=2592000,h3-29=\":443\"; ma=2592000,h3-Q050=\":443\"; ma=2592000,h3-Q046=\":443\"; ma=2592000,h3-Q043=\":443\"; ma=2592000,quic=\":443\"; ma=2592000; v=\"46,43\"","accept-ranges":"none","transfer-encoding":"chunked"}
[debug] [2022-02-19T18:24:07.433Z] >>> HTTP REQUEST POST https://cloudresourcemanager.googleapis.com/v1/projects/lascoyitasjuj:testIamPermissions  
 {"permissions":["firebase.projects.get","firebasehosting.sites.update"]}
[debug] [2022-02-19T18:24:08.323Z] <<< HTTP RESPONSE 200 {"content-type":"application/json; charset=UTF-8","vary":"X-Origin, Referer, Origin,Accept-Encoding","date":"Sat, 19 Feb 2022 18:24:09 GMT","server":"ESF","cache-control":"private","x-xss-protection":"0","x-frame-options":"SAMEORIGIN","x-content-type-options":"nosniff","server-timing":"gfet4t7; dur=756","alt-svc":"h3=\":443\"; ma=2592000,h3-29=\":443\"; ma=2592000,h3-Q050=\":443\"; ma=2592000,h3-Q046=\":443\"; ma=2592000,h3-Q043=\":443\"; ma=2592000,quic=\":443\"; ma=2592000; v=\"46,43\"","accept-ranges":"none","transfer-encoding":"chunked"}
[debug] [2022-02-19T18:24:08.327Z] > refreshing access token with scopes: []
[debug] [2022-02-19T18:24:08.327Z] >>> HTTP REQUEST POST https://www.googleapis.com/oauth2/v3/token  
 <request body omitted>
[debug] [2022-02-19T18:24:08.456Z] <<< HTTP RESPONSE 200 {"pragma":"no-cache","date":"Sat, 19 Feb 2022 18:24:09 GMT","expires":"Mon, 01 Jan 1990 00:00:00 GMT","cache-control":"no-cache, no-store, max-age=0, must-revalidate","content-type":"application/json; charset=utf-8","vary":"X-Origin, Referer, Origin,Accept-Encoding","server":"scaffolding on HTTPServer2","x-xss-protection":"0","x-frame-options":"SAMEORIGIN","x-content-type-options":"nosniff","alt-svc":"h3=\":443\"; ma=2592000,h3-29=\":443\"; ma=2592000,h3-Q050=\":443\"; ma=2592000,h3-Q046=\":443\"; ma=2592000,h3-Q043=\":443\"; ma=2592000,quic=\":443\"; ma=2592000; v=\"46,43\"","accept-ranges":"none","transfer-encoding":"chunked"}
[debug] [2022-02-19T18:24:08.530Z] >>> [apiv2][query] GET https://firebase.googleapis.com/v1beta1/projects/lascoyitasjuj [none]
[debug] [2022-02-19T18:24:08.925Z] <<< [apiv2][status] GET https://firebase.googleapis.com/v1beta1/projects/lascoyitasjuj 200
[debug] [2022-02-19T18:24:08.926Z] <<< [apiv2][body] GET https://firebase.googleapis.com/v1beta1/projects/lascoyitasjuj {"projectId":"lascoyitasjuj","projectNumber":"134782081329","displayName":"LasCoyitas","name":"projects/lascoyitasjuj","resources":{"hostingSite":"lascoyitasjuj"},"state":"ACTIVE"}
[info] 
[info] === Deploying to 'lascoyitasjuj'...
[info] 
[info] i  deploying hosting 
[debug] [2022-02-19T18:24:08.960Z] > refreshing access token with scopes: ["email","https://www.googleapis.com/auth/cloud-platform","https://www.googleapis.com/auth/cloudplatformprojects.readonly","https://www.googleapis.com/auth/firebase","openid"]
[debug] [2022-02-19T18:24:08.961Z] >>> HTTP REQUEST POST https://www.googleapis.com/oauth2/v3/token  
 <request body omitted>
[debug] [2022-02-19T18:24:09.097Z] <<< HTTP RESPONSE 200 {"cache-control":"no-cache, no-store, max-age=0, must-revalidate","date":"Sat, 19 Feb 2022 18:24:09 GMT","expires":"Mon, 01 Jan 1990 00:00:00 GMT","pragma":"no-cache","content-type":"application/json; charset=utf-8","vary":"X-Origin, Referer, Origin,Accept-Encoding","server":"scaffolding on HTTPServer2","x-xss-protection":"0","x-frame-options":"SAMEORIGIN","x-content-type-options":"nosniff","alt-svc":"h3=\":443\"; ma=2592000,h3-29=\":443\"; ma=2592000,h3-Q050=\":443\"; ma=2592000,h3-Q046=\":443\"; ma=2592000,h3-Q043=\":443\"; ma=2592000,quic=\":443\"; ma=2592000; v=\"46,43\"","accept-ranges":"none","transfer-encoding":"chunked"}
[debug] [2022-02-19T18:24:09.136Z] >>> HTTP REQUEST POST https://firebasehosting.googleapis.com/v1beta1/sites/lascoyitasjuj/versions  
 {"config":{},"labels":{"deployment-tool":"cli-firebase"}}
[debug] [2022-02-19T18:24:11.555Z] <<< HTTP RESPONSE 200 {"content-type":"application/json; charset=UTF-8","vary":"X-Origin, Referer, Origin,Accept-Encoding","date":"Sat, 19 Feb 2022 18:24:12 GMT","server":"ESF","cache-control":"private","x-xss-protection":"0","x-frame-options":"SAMEORIGIN","x-content-type-options":"nosniff","alt-svc":"h3=\":443\"; ma=2592000,h3-29=\":443\"; ma=2592000,h3-Q050=\":443\"; ma=2592000,h3-Q046=\":443\"; ma=2592000,h3-Q043=\":443\"; ma=2592000,quic=\":443\"; ma=2592000; v=\"46,43\"","accept-ranges":"none","transfer-encoding":"chunked"}
[info] i  hosting[lascoyitasjuj]: beginning deploy... 
[info] i  hosting[lascoyitasjuj]: found 40 files in docs 
[debug] [2022-02-19T18:24:11.659Z] > refreshing access token with scopes: []
[debug] [2022-02-19T18:24:11.660Z] >>> HTTP REQUEST POST https://www.googleapis.com/oauth2/v3/token  
 <request body omitted>
[debug] [2022-02-19T18:24:11.665Z] [hosting] hash cache [ZG9jcw] stored for 40 files
[debug] [2022-02-19T18:24:11.667Z] [hosting][hash queue][FINAL] {"max":24,"min":4,"avg":4.5,"active":0,"complete":40,"success":40,"errored":0,"retried":0,"total":40,"elapsed":34}
[debug] [2022-02-19T18:24:11.800Z] <<< HTTP RESPONSE 200 {"pragma":"no-cache","cache-control":"no-cache, no-store, max-age=0, must-revalidate","date":"Sat, 19 Feb 2022 18:24:12 GMT","expires":"Mon, 01 Jan 1990 00:00:00 GMT","content-type":"application/json; charset=utf-8","vary":"X-Origin, Referer, Origin,Accept-Encoding","server":"scaffolding on HTTPServer2","x-xss-protection":"0","x-frame-options":"SAMEORIGIN","x-content-type-options":"nosniff","alt-svc":"h3=\":443\"; ma=2592000,h3-29=\":443\"; ma=2592000,h3-Q050=\":443\"; ma=2592000,h3-Q046=\":443\"; ma=2592000,h3-Q043=\":443\"; ma=2592000,quic=\":443\"; ma=2592000; v=\"46,43\"","accept-ranges":"none","transfer-encoding":"chunked"}
[debug] [2022-02-19T18:24:11.836Z] >>> [apiv2][query] POST https://firebasehosting.googleapis.com/v1beta1/sites/lascoyitasjuj/versions/27b326047a4fff7c:populateFiles [none]
[debug] [2022-02-19T18:24:11.837Z] >>> [apiv2][body] POST https://firebasehosting.googleapis.com/v1beta1/sites/lascoyitasjuj/versions/27b326047a4fff7c:populateFiles {"files":{"/about.html":"50a6049da61b0559d22a2a2892c0e39b8c6897cb63a157fb2d44fc8b68bcae66","/classes.html":"411a5f65a4b87b12a8332e29130acc8cb2821ffa89d26ed943a490518ec1b104","/gallery.html":"afc2fb2a085c834f2c8357cfcbb9882565bd2c104c88ac784d6608bc5a6399ce","/index.html":"b257de0808956e4340bee71824fc03be9b899a8600ffb953a1212f638e0dee59","/w3layouts-License.txt":"e6e3ffd1652694d9e4002f103c78266a5079e79dcb951155bdfd9cfdadcaadb4","/css/bootstrap.css":"f246b50aca2e9f6d75dd100e6e769f49b598806505000ea3ce24a894e964687c","/css/flexslider.css":"4671e7e6ef67d6951cb2b5dfc75c3d579282c67bf1809a914f3c9b49e2f193c3","/css/font-awesome.css":"cec036177bc833368355b5ca2001e301d45d55efccf5aceae2f1ebc13fa0005a","/css/jquery.easy-gallery.css":"6a6d825ab511dd944636ddc8178a91cf6602bc7c1b61279211b3605c3f376686","/css/style.css":"9dd2339da23b6633417fe2c6b55563af8189a300fcf26d7385f7e5f9e10d8a18","/css/team.css":"0e978b0df8adb606478c106cda23ddcced024dfce218b0772f3ce3342e458597","/fonts/fontawesome-webfont.eot":"b81dae676662e3eecd0cc8aea80f0e6c5195a34ebd94b246df104c03a1f4e728","/fonts/fontawesome-webfont.svg":"ba30cb14ef331199a40c098450f7359d5d92e5e07c66b8518772cf05553492ba","/fonts/fontawesome-webfont.ttf":"437993c07e53e9563c66049a66029b394453fd53f564fc0fcd046c7589d086a9","/fonts/fontawesome-webfont.woff":"182d8b952a97b3caef474ea45a28424d57ea563e424fcf99fdc292af7e01385e","/fonts/fontawesome-webfont.woff2":"fb0f866e6a2894f184769f4a1986eed441c44e92a5cb8daf6597613335f02869","/fonts/FontAwesome.otf":"bcb96c26f446f12228b55c5f8c749620e036e66c54d6086a3ed81be826a4c936","/fonts/glyphicons-halflings-regular.woff":"5545c2bc0e53a582f6817f523b385ccf917c6ff12d5c55bcd9c2ca52666315a6","/fonts/glyphicons-halflings-regular.woff2":"0561bd0dc33b73a085698d914614f7320f434be3640303c56e344af35e1842c5","/images/bg.jpg":"1935e683cbdd4dcdf3cc9f6933a86117baea978ddb93c665a7887380ec95f428","/images/bg4.jpg":"1935e683cbdd4dcdf3cc9f6933a86117baea978ddb93c665a7887380ec95f428","/images/close3.png":"a6e45556831487de10e61ea93964dd99495559e5e295f4ca21547f6cdf504a5c","/images/g1.jpg":"c953c469fcd8798b8c271140a43cacdd34e78ebc3ebe38744ae8edc9c60ae205","/images/g2.jpg":"87863dab977afe58d5a1f523a59e9418a95e9fb45fb534f3b3140c6468010aa0","/images/g4.jpg":"751c81af8a05c8223d0aa609d47f5f12b9300ad0ab8751f3912539bd3060a74d","/images/g5.jpg":"3387d27ddc0d0a076e1d377f77ae1ba1f22e484e358c6211b0ef9bc18241c635","/images/g6.jpg":"23229bccd7fea9bdfc6881691fc6d3d8a3359e16a3a92f2dd7e5ff4257cffab6","/images/g9.jpg":"9cae4c0cf04cadcedb79b3c4b24eb2d88b34f293bd9b004f0d3fceb35cc5afb2","/images/left.png":"60f28e7a33b94632ef8a07abbbb61522b55bd4dd6830100d5bbf2d707456a5cc","/images/overlay.png":"f11c1aa94ad46d9f43d0bca8f82db552c8e0e7431fb53dbb7accd19c101b2639","/images/right.png":"791c4870c64359af0f40b7dcf5cdc454d95a9732bc5b775273407cbbd92a4a7d","/js/bootstrap.js":"7a0ce536d68d57f283c30f863630ef1b6cd7f3fd8fdaec67d598830e6acbea3d","/js/easyResponsiveTabs.js":"4362933166e8795409fbbf790894eb5698412b55530000f8847086aab0eb8260","/js/jquery-2.1.4.min.js":"8c6f408e120b01ad0838b69ba40b87fddffe6662a492325bd61de05514d873fd","/js/jquery.easy-gallery.js":"c65b4bf21e2b4885724cee511361d415e27f55d193654cd33926589581c09cb6","/js/jquery.flexslider.js":"1f0777df2393f14734edce7a5b3578ffc0ed23ce995e55ce900fcda08fdb6c0a","/js/jquery.slide.js":"e655006d1180f53307cc2698c5b18216852078940d88ce1a29ba7c46b146d20d","/js/main.js":"2332362e7f291c4674e0e1d4a54d72a0aca114692fc2d01f9a59902573bc1c8a","/js/SmoothScroll.min.js":"7086d12bdba5a6565ebf6c482a7c111ee51663902ba35491385f482d30e8d34f","/404.html":"daa499dd96d8229e73235345702ba32f0793f0c8e5c0d30e40e37a5872be57aa"}}
[debug] [2022-02-19T18:24:13.145Z] <<< [apiv2][status] POST https://firebasehosting.googleapis.com/v1beta1/sites/lascoyitasjuj/versions/27b326047a4fff7c:populateFiles 200
[debug] [2022-02-19T18:24:13.146Z] <<< [apiv2][body] POST https://firebasehosting.googleapis.com/v1beta1/sites/lascoyitasjuj/versions/27b326047a4fff7c:populateFiles {"uploadRequiredHashes":["50a6049da61b0559d22a2a2892c0e39b8c6897cb63a157fb2d44fc8b68bcae66","f11c1aa94ad46d9f43d0bca8f82db552c8e0e7431fb53dbb7accd19c101b2639","e655006d1180f53307cc2698c5b18216852078940d88ce1a29ba7c46b146d20d","b257de0808956e4340bee71824fc03be9b899a8600ffb953a1212f638e0dee59","2332362e7f291c4674e0e1d4a54d72a0aca114692fc2d01f9a59902573bc1c8a","a6e45556831487de10e61ea93964dd99495559e5e295f4ca21547f6cdf504a5c","4362933166e8795409fbbf790894eb5698412b55530000f8847086aab0eb8260","60f28e7a33b94632ef8a07abbbb61522b55bd4dd6830100d5bbf2d707456a5cc","7086d12bdba5a6565ebf6c482a7c111ee51663902ba35491385f482d30e8d34f","751c81af8a05c8223d0aa609d47f5f12b9300ad0ab8751f3912539bd3060a74d","fb0f866e6a2894f184769f4a1986eed441c44e92a5cb8daf6597613335f02869","1f0777df2393f14734edce7a5b3578ffc0ed23ce995e55ce900fcda08fdb6c0a","0e978b0df8adb606478c106cda23ddcced024dfce218b0772f3ce3342e458597","daa499dd96d8229e73235345702ba32f0793f0c8e5c0d30e40e37a5872be57aa","8c6f408e120b01ad0838b69ba40b87fddffe6662a492325bd61de05514d873fd","87863dab977afe58d5a1f523a59e9418a95e9fb45fb534f3b3140c6468010aa0","437993c07e53e9563c66049a66029b394453fd53f564fc0fcd046c7589d086a9","afc2fb2a085c834f2c8357cfcbb9882565bd2c104c88ac784d6608bc5a6399ce","9dd2339da23b6633417fe2c6b55563af8189a300fcf26d7385f7e5f9e10d8a18","9cae4c0cf04cadcedb79b3c4b24eb2d88b34f293bd9b004f0d3fceb35cc5afb2","1935e683cbdd4dcdf3cc9f6933a86117baea978ddb93c665a7887380ec95f428","6a6d825ab511dd944636ddc8178a91cf6602bc7c1b61279211b3605c3f376686","3387d27ddc0d0a076e1d377f77ae1ba1f22e484e358c6211b0ef9bc18241c635","b81dae676662e3eecd0cc8aea80f0e6c5195a34ebd94b246df104c03a1f4e728","182d8b952a97b3caef474ea45a28424d57ea563e424fcf99fdc292af7e01385e","ba30cb14ef331199a40c098450f7359d5d92e5e07c66b8518772cf05553492ba","e6e3ffd1652694d9e4002f103c78266a5079e79dcb951155bdfd9cfdadcaadb4","cec036177bc833368355b5ca2001e301d45d55efccf5aceae2f1ebc13fa0005a","791c4870c64359af0f40b7dcf5cdc454d95a9732bc5b775273407cbbd92a4a7d","7a0ce536d68d57f283c30f863630ef1b6cd7f3fd8fdaec67d598830e6acbea3d","5545c2bc0e53a582f6817f523b385ccf917c6ff12d5c55bcd9c2ca52666315a6","23229bccd7fea9bdfc6881691fc6d3d8a3359e16a3a92f2dd7e5ff4257cffab6","bcb96c26f446f12228b55c5f8c749620e036e66c54d6086a3ed81be826a4c936","c65b4bf21e2b4885724cee511361d415e27f55d193654cd33926589581c09cb6","411a5f65a4b87b12a8332e29130acc8cb2821ffa89d26ed943a490518ec1b104","4671e7e6ef67d6951cb2b5dfc75c3d579282c67bf1809a914f3c9b49e2f193c3","0561bd0dc33b73a085698d914614f7320f434be3640303c56e344af35e1842c5","c953c469fcd8798b8c271140a43cacdd34e78ebc3ebe38744ae8edc9c60ae205","f246b50aca2e9f6d75dd100e6e769f49b598806505000ea3ce24a894e964687c"],"uploadUrl":"https://upload-firebasehosting.googleapis.com/upload/sites/lascoyitasjuj/versions/27b326047a4fff7c/files"}
[debug] [2022-02-19T18:24:13.179Z] >>> [apiv2][query] POST https://upload-firebasehosting.googleapis.com/upload/sites/lascoyitasjuj/versions/27b326047a4fff7c/files/50a6049da61b0559d22a2a2892c0e39b8c6897cb63a157fb2d44fc8b68bcae66 [none]
[debug] [2022-02-19T18:24:13.180Z] >>> [apiv2][body] POST https://upload-firebasehosting.googleapis.com/upload/sites/lascoyitasjuj/versions/27b326047a4fff7c/files/50a6049da61b0559d22a2a2892c0e39b8c6897cb63a157fb2d44fc8b68bcae66 [stream]
[debug] [2022-02-19T18:24:13.183Z] >>> [apiv2][query] POST https://upload-firebasehosting.googleapis.com/upload/sites/lascoyitasjuj/versions/27b326047a4fff7c/files/f11c1aa94ad46d9f43d0bca8f82db552c8e0e7431fb53dbb7accd19c101b2639 [none]
[debug] [2022-02-19T18:24:13.183Z] >>> [apiv2][body] POST https://upload-firebasehosting.googleapis.com/upload/sites/lascoyitasjuj/versions/27b326047a4fff7c/files/f11c1aa94ad46d9f43d0bca8f82db552c8e0e7431fb53dbb7accd19c101b2639 [stream]
[debug] [2022-02-19T18:24:13.186Z] >>> [apiv2][query] POST https://upload-firebasehosting.googleapis.com/upload/sites/lascoyitasjuj/versions/27b326047a4fff7c/files/e655006d1180f53307cc2698c5b18216852078940d88ce1a29ba7c46b146d20d [none]
[debug] [2022-02-19T18:24:13.186Z] >>> [apiv2][body] POST https://upload-firebasehosting.googleapis.com/upload/sites/lascoyitasjuj/versions/27b326047a4fff7c/files/e655006d1180f53307cc2698c5b18216852078940d88ce1a29ba7c46b146d20d [stream]
[debug] [2022-02-19T18:24:13.189Z] >>> [apiv2][query] POST https://upload-firebasehosting.googleapis.com/upload/sites/lascoyitasjuj/versions/27b326047a4fff7c/files/b257de0808956e4340bee71824fc03be9b899a8600ffb953a1212f638e0dee59 [none]
[debug] [2022-02-19T18:24:13.189Z] >>> [apiv2][body] POST https://upload-firebasehosting.googleapis.com/upload/sites/lascoyitasjuj/versions/27b326047a4fff7c/files/b257de0808956e4340bee71824fc03be9b899a8600ffb953a1212f638e0dee59 [stream]
[debug] [2022-02-19T18:24:13.191Z] >>> [apiv2][query] POST https://upload-firebasehosting.googleapis.com/upload/sites/lascoyitasjuj/versions/27b326047a4fff7c/files/2332362e7f291c4674e0e1d4a54d72a0aca114692fc2d01f9a59902573bc1c8a [none]
[debug] [2022-02-19T18:24:13.191Z] >>> [apiv2][body] POST https://upload-firebasehosting.googleapis.com/upload/sites/lascoyitasjuj/versions/27b326047a4fff7c/files/2332362e7f291c4674e0e1d4a54d72a0aca114692fc2d01f9a59902573bc1c8a [stream]
[debug] [2022-02-19T18:24:13.193Z] >>> [apiv2][query] POST https://upload-firebasehosting.googleapis.com/upload/sites/lascoyitasjuj/versions/27b326047a4fff7c/files/a6e45556831487de10e61ea93964dd99495559e5e295f4ca21547f6cdf504a5c [none]
[debug] [2022-02-19T18:24:13.193Z] >>> [apiv2][body] POST https://upload-firebasehosting.googleapis.com/upload/sites/lascoyitasjuj/versions/27b326047a4fff7c/files/a6e45556831487de10e61ea93964dd99495559e5e295f4ca21547f6cdf504a5c [stream]
[debug] [2022-02-19T18:24:13.194Z] >>> [apiv2][query] POST https://upload-firebasehosting.googleapis.com/upload/sites/lascoyitasjuj/versions/27b326047a4fff7c/files/4362933166e8795409fbbf790894eb5698412b55530000f8847086aab0eb8260 [none]
[debug] [2022-02-19T18:24:13.195Z] >>> [apiv2][body] POST https://upload-firebasehosting.googleapis.com/upload/sites/lascoyitasjuj/versions/27b326047a4fff7c/files/4362933166e8795409fbbf790894eb5698412b55530000f8847086aab0eb8260 [stream]
[debug] [2022-02-19T18:24:13.196Z] >>> [apiv2][query] POST https://upload-firebasehosting.googleapis.com/upload/sites/lascoyitasjuj/versions/27b326047a4fff7c/files/60f28e7a33b94632ef8a07abbbb61522b55bd4dd6830100d5bbf2d707456a5cc [none]
[debug] [2022-02-19T18:24:13.196Z] >>> [apiv2][body] POST https://upload-firebasehosting.googleapis.com/upload/sites/lascoyitasjuj/versions/27b326047a4fff7c/files/60f28e7a33b94632ef8a07abbbb61522b55bd4dd6830100d5bbf2d707456a5cc [stream]
[debug] [2022-02-19T18:24:13.199Z] >>> [apiv2][query] POST https://upload-firebasehosting.googleapis.com/upload/sites/lascoyitasjuj/versions/27b326047a4fff7c/files/7086d12bdba5a6565ebf6c482a7c111ee51663902ba35491385f482d30e8d34f [none]
[debug] [2022-02-19T18:24:13.200Z] >>> [apiv2][body] POST https://upload-firebasehosting.googleapis.com/upload/sites/lascoyitasjuj/versions/27b326047a4fff7c/files/7086d12bdba5a6565ebf6c482a7c111ee51663902ba35491385f482d30e8d34f [stream]
[debug] [2022-02-19T18:24:13.202Z] >>> [apiv2][query] POST https://upload-firebasehosting.googleapis.com/upload/sites/lascoyitasjuj/versions/27b326047a4fff7c/files/751c81af8a05c8223d0aa609d47f5f12b9300ad0ab8751f3912539bd3060a74d [none]
[debug] [2022-02-19T18:24:13.202Z] >>> [apiv2][body] POST https://upload-firebasehosting.googleapis.com/upload/sites/lascoyitasjuj/versions/27b326047a4fff7c/files/751c81af8a05c8223d0aa609d47f5f12b9300ad0ab8751f3912539bd3060a74d [stream]
[debug] [2022-02-19T18:24:13.203Z] >>> [apiv2][query] POST https://upload-firebasehosting.googleapis.com/upload/sites/lascoyitasjuj/versions/27b326047a4fff7c/files/fb0f866e6a2894f184769f4a1986eed441c44e92a5cb8daf6597613335f02869 [none]
[debug] [2022-02-19T18:24:13.203Z] >>> [apiv2][body] POST https://upload-firebasehosting.googleapis.com/upload/sites/lascoyitasjuj/versions/27b326047a4fff7c/files/fb0f866e6a2894f184769f4a1986eed441c44e92a5cb8daf6597613335f02869 [stream]
[debug] [2022-02-19T18:24:13.205Z] >>> [apiv2][query] POST https://upload-firebasehosting.googleapis.com/upload/sites/lascoyitasjuj/versions/27b326047a4fff7c/files/1f0777df2393f14734edce7a5b3578ffc0ed23ce995e55ce900fcda08fdb6c0a [none]
[debug] [2022-02-19T18:24:13.205Z] >>> [apiv2][body] POST https://upload-firebasehosting.googleapis.com/upload/sites/lascoyitasjuj/versions/27b326047a4fff7c/files/1f0777df2393f14734edce7a5b3578ffc0ed23ce995e55ce900fcda08fdb6c0a [stream]
[debug] [2022-02-19T18:24:13.206Z] >>> [apiv2][query] POST https://upload-firebasehosting.googleapis.com/upload/sites/lascoyitasjuj/versions/27b326047a4fff7c/files/0e978b0df8adb606478c106cda23ddcced024dfce218b0772f3ce3342e458597 [none]
[debug] [2022-02-19T18:24:13.206Z] >>> [apiv2][body] POST https://upload-firebasehosting.googleapis.com/upload/sites/lascoyitasjuj/versions/27b326047a4fff7c/files/0e978b0df8adb606478c106cda23ddcced024dfce218b0772f3ce3342e458597 [stream]
[debug] [2022-02-19T18:24:13.207Z] >>> [apiv2][query] POST https://upload-firebasehosting.googleapis.com/upload/sites/lascoyitasjuj/versions/27b326047a4fff7c/files/daa499dd96d8229e73235345702ba32f0793f0c8e5c0d30e40e37a5872be57aa [none]
[debug] [2022-02-19T18:24:13.208Z] >>> [apiv2][body] POST https://upload-firebasehosting.googleapis.com/upload/sites/lascoyitasjuj/versions/27b326047a4fff7c/files/daa499dd96d8229e73235345702ba32f0793f0c8e5c0d30e40e37a5872be57aa [stream]
[debug] [2022-02-19T18:24:13.209Z] >>> [apiv2][query] POST https://upload-firebasehosting.googleapis.com/upload/sites/lascoyitasjuj/versions/27b326047a4fff7c/files/8c6f408e120b01ad0838b69ba40b87fddffe6662a492325bd61de05514d873fd [none]
[debug] [2022-02-19T18:24:13.209Z] >>> [apiv2][body] POST https://upload-firebasehosting.googleapis.com/upload/sites/lascoyitasjuj/versions/27b326047a4fff7c/files/8c6f408e120b01ad0838b69ba40b87fddffe6662a492325bd61de05514d873fd [stream]
[debug] [2022-02-19T18:24:13.210Z] >>> [apiv2][query] POST https://upload-firebasehosting.googleapis.com/upload/sites/lascoyitasjuj/versions/27b326047a4fff7c/files/87863dab977afe58d5a1f523a59e9418a95e9fb45fb534f3b3140c6468010aa0 [none]
[debug] [2022-02-19T18:24:13.210Z] >>> [apiv2][body] POST https://upload-firebasehosting.googleapis.com/upload/sites/lascoyitasjuj/versions/27b326047a4fff7c/files/87863dab977afe58d5a1f523a59e9418a95e9fb45fb534f3b3140c6468010aa0 [stream]
[debug] [2022-02-19T18:24:13.211Z] >>> [apiv2][query] POST https://upload-firebasehosting.googleapis.com/upload/sites/lascoyitasjuj/versions/27b326047a4fff7c/files/437993c07e53e9563c66049a66029b394453fd53f564fc0fcd046c7589d086a9 [none]
[debug] [2022-02-19T18:24:13.212Z] >>> [apiv2][body] POST https://upload-firebasehosting.googleapis.com/upload/sites/lascoyitasjuj/versions/27b326047a4fff7c/files/437993c07e53e9563c66049a66029b394453fd53f564fc0fcd046c7589d086a9 [stream]
[debug] [2022-02-19T18:24:13.213Z] >>> [apiv2][query] POST https://upload-firebasehosting.googleapis.com/upload/sites/lascoyitasjuj/versions/27b326047a4fff7c/files/afc2fb2a085c834f2c8357cfcbb9882565bd2c104c88ac784d6608bc5a6399ce [none]
[debug] [2022-02-19T18:24:13.213Z] >>> [apiv2][body] POST https://upload-firebasehosting.googleapis.com/upload/sites/lascoyitasjuj/versions/27b326047a4fff7c/files/afc2fb2a085c834f2c8357cfcbb9882565bd2c104c88ac784d6608bc5a6399ce [stream]
[debug] [2022-02-19T18:24:13.214Z] >>> [apiv2][query] POST https://upload-firebasehosting.googleapis.com/upload/sites/lascoyitasjuj/versions/27b326047a4fff7c/files/9dd2339da23b6633417fe2c6b55563af8189a300fcf26d7385f7e5f9e10d8a18 [none]
[debug] [2022-02-19T18:24:13.215Z] >>> [apiv2][body] POST https://upload-firebasehosting.googleapis.com/upload/sites/lascoyitasjuj/versions/27b326047a4fff7c/files/9dd2339da23b6633417fe2c6b55563af8189a300fcf26d7385f7e5f9e10d8a18 [stream]
[debug] [2022-02-19T18:24:13.216Z] >>> [apiv2][query] POST https://upload-firebasehosting.googleapis.com/upload/sites/lascoyitasjuj/versions/27b326047a4fff7c/files/9cae4c0cf04cadcedb79b3c4b24eb2d88b34f293bd9b004f0d3fceb35cc5afb2 [none]
[debug] [2022-02-19T18:24:13.216Z] >>> [apiv2][body] POST https://upload-firebasehosting.googleapis.com/upload/sites/lascoyitasjuj/versions/27b326047a4fff7c/files/9cae4c0cf04cadcedb79b3c4b24eb2d88b34f293bd9b004f0d3fceb35cc5afb2 [stream]
[debug] [2022-02-19T18:24:13.217Z] >>> [apiv2][query] POST https://upload-firebasehosting.googleapis.com/upload/sites/lascoyitasjuj/versions/27b326047a4fff7c/files/1935e683cbdd4dcdf3cc9f6933a86117baea978ddb93c665a7887380ec95f428 [none]
[debug] [2022-02-19T18:24:13.217Z] >>> [apiv2][body] POST https://upload-firebasehosting.googleapis.com/upload/sites/lascoyitasjuj/versions/27b326047a4fff7c/files/1935e683cbdd4dcdf3cc9f6933a86117baea978ddb93c665a7887380ec95f428 [stream]
[debug] [2022-02-19T18:24:13.219Z] >>> [apiv2][query] POST https://upload-firebasehosting.googleapis.com/upload/sites/lascoyitasjuj/versions/27b326047a4fff7c/files/6a6d825ab511dd944636ddc8178a91cf6602bc7c1b61279211b3605c3f376686 [none]
[debug] [2022-02-19T18:24:13.219Z] >>> [apiv2][body] POST https://upload-firebasehosting.googleapis.com/upload/sites/lascoyitasjuj/versions/27b326047a4fff7c/files/6a6d825ab511dd944636ddc8178a91cf6602bc7c1b61279211b3605c3f376686 [stream]
[debug] [2022-02-19T18:24:13.220Z] >>> [apiv2][query] POST https://upload-firebasehosting.googleapis.com/upload/sites/lascoyitasjuj/versions/27b326047a4fff7c/files/3387d27ddc0d0a076e1d377f77ae1ba1f22e484e358c6211b0ef9bc18241c635 [none]
[debug] [2022-02-19T18:24:13.220Z] >>> [apiv2][body] POST https://upload-firebasehosting.googleapis.com/upload/sites/lascoyitasjuj/versions/27b326047a4fff7c/files/3387d27ddc0d0a076e1d377f77ae1ba1f22e484e358c6211b0ef9bc18241c635 [stream]
[debug] [2022-02-19T18:24:13.222Z] >>> [apiv2][query] POST https://upload-firebasehosting.googleapis.com/upload/sites/lascoyitasjuj/versions/27b326047a4fff7c/files/b81dae676662e3eecd0cc8aea80f0e6c5195a34ebd94b246df104c03a1f4e728 [none]
[debug] [2022-02-19T18:24:13.222Z] >>> [apiv2][body] POST https://upload-firebasehosting.googleapis.com/upload/sites/lascoyitasjuj/versions/27b326047a4fff7c/files/b81dae676662e3eecd0cc8aea80f0e6c5195a34ebd94b246df104c03a1f4e728 [stream]
[debug] [2022-02-19T18:24:13.223Z] >>> [apiv2][query] POST https://upload-firebasehosting.googleapis.com/upload/sites/lascoyitasjuj/versions/27b326047a4fff7c/files/182d8b952a97b3caef474ea45a28424d57ea563e424fcf99fdc292af7e01385e [none]
[debug] [2022-02-19T18:24:13.223Z] >>> [apiv2][body] POST https://upload-firebasehosting.googleapis.com/upload/sites/lascoyitasjuj/versions/27b326047a4fff7c/files/182d8b952a97b3caef474ea45a28424d57ea563e424fcf99fdc292af7e01385e [stream]
[debug] [2022-02-19T18:24:13.224Z] >>> [apiv2][query] POST https://upload-firebasehosting.googleapis.com/upload/sites/lascoyitasjuj/versions/27b326047a4fff7c/files/ba30cb14ef331199a40c098450f7359d5d92e5e07c66b8518772cf05553492ba [none]
[debug] [2022-02-19T18:24:13.224Z] >>> [apiv2][body] POST https://upload-firebasehosting.googleapis.com/upload/sites/lascoyitasjuj/versions/27b326047a4fff7c/files/ba30cb14ef331199a40c098450f7359d5d92e5e07c66b8518772cf05553492ba [stream]
[debug] [2022-02-19T18:24:13.225Z] >>> [apiv2][query] POST https://upload-firebasehosting.googleapis.com/upload/sites/lascoyitasjuj/versions/27b326047a4fff7c/files/e6e3ffd1652694d9e4002f103c78266a5079e79dcb951155bdfd9cfdadcaadb4 [none]
[debug] [2022-02-19T18:24:13.226Z] >>> [apiv2][body] POST https://upload-firebasehosting.googleapis.com/upload/sites/lascoyitasjuj/versions/27b326047a4fff7c/files/e6e3ffd1652694d9e4002f103c78266a5079e79dcb951155bdfd9cfdadcaadb4 [stream]
[debug] [2022-02-19T18:24:13.227Z] >>> [apiv2][query] POST https://upload-firebasehosting.googleapis.com/upload/sites/lascoyitasjuj/versions/27b326047a4fff7c/files/cec036177bc833368355b5ca2001e301d45d55efccf5aceae2f1ebc13fa0005a [none]
[debug] [2022-02-19T18:24:13.227Z] >>> [apiv2][body] POST https://upload-firebasehosting.googleapis.com/upload/sites/lascoyitasjuj/versions/27b326047a4fff7c/files/cec036177bc833368355b5ca2001e301d45d55efccf5aceae2f1ebc13fa0005a [stream]
[debug] [2022-02-19T18:24:13.229Z] >>> [apiv2][query] POST https://upload-firebasehosting.googleapis.com/upload/sites/lascoyitasjuj/versions/27b326047a4fff7c/files/791c4870c64359af0f40b7dcf5cdc454d95a9732bc5b775273407cbbd92a4a7d [none]
[debug] [2022-02-19T18:24:13.229Z] >>> [apiv2][body] POST https://upload-firebasehosting.googleapis.com/upload/sites/lascoyitasjuj/versions/27b326047a4fff7c/files/791c4870c64359af0f40b7dcf5cdc454d95a9732bc5b775273407cbbd92a4a7d [stream]
[debug] [2022-02-19T18:24:13.232Z] >>> [apiv2][query] POST https://upload-firebasehosting.googleapis.com/upload/sites/lascoyitasjuj/versions/27b326047a4fff7c/files/7a0ce536d68d57f283c30f863630ef1b6cd7f3fd8fdaec67d598830e6acbea3d [none]
[debug] [2022-02-19T18:24:13.232Z] >>> [apiv2][body] POST https://upload-firebasehosting.googleapis.com/upload/sites/lascoyitasjuj/versions/27b326047a4fff7c/files/7a0ce536d68d57f283c30f863630ef1b6cd7f3fd8fdaec67d598830e6acbea3d [stream]
[debug] [2022-02-19T18:24:13.235Z] >>> [apiv2][query] POST https://upload-firebasehosting.googleapis.com/upload/sites/lascoyitasjuj/versions/27b326047a4fff7c/files/5545c2bc0e53a582f6817f523b385ccf917c6ff12d5c55bcd9c2ca52666315a6 [none]
[debug] [2022-02-19T18:24:13.235Z] >>> [apiv2][body] POST https://upload-firebasehosting.googleapis.com/upload/sites/lascoyitasjuj/versions/27b326047a4fff7c/files/5545c2bc0e53a582f6817f523b385ccf917c6ff12d5c55bcd9c2ca52666315a6 [stream]
[debug] [2022-02-19T18:24:13.237Z] >>> [apiv2][query] POST https://upload-firebasehosting.googleapis.com/upload/sites/lascoyitasjuj/versions/27b326047a4fff7c/files/23229bccd7fea9bdfc6881691fc6d3d8a3359e16a3a92f2dd7e5ff4257cffab6 [none]
[debug] [2022-02-19T18:24:13.237Z] >>> [apiv2][body] POST https://upload-firebasehosting.googleapis.com/upload/sites/lascoyitasjuj/versions/27b326047a4fff7c/files/23229bccd7fea9bdfc6881691fc6d3d8a3359e16a3a92f2dd7e5ff4257cffab6 [stream]
[debug] [2022-02-19T18:24:13.238Z] >>> [apiv2][query] POST https://upload-firebasehosting.googleapis.com/upload/sites/lascoyitasjuj/versions/27b326047a4fff7c/files/bcb96c26f446f12228b55c5f8c749620e036e66c54d6086a3ed81be826a4c936 [none]
[debug] [2022-02-19T18:24:13.238Z] >>> [apiv2][body] POST https://upload-firebasehosting.googleapis.com/upload/sites/lascoyitasjuj/versions/27b326047a4fff7c/files/bcb96c26f446f12228b55c5f8c749620e036e66c54d6086a3ed81be826a4c936 [stream]
[debug] [2022-02-19T18:24:13.240Z] >>> [apiv2][query] POST https://upload-firebasehosting.googleapis.com/upload/sites/lascoyitasjuj/versions/27b326047a4fff7c/files/c65b4bf21e2b4885724cee511361d415e27f55d193654cd33926589581c09cb6 [none]
[debug] [2022-02-19T18:24:13.240Z] >>> [apiv2][body] POST https://upload-firebasehosting.googleapis.com/upload/sites/lascoyitasjuj/versions/27b326047a4fff7c/files/c65b4bf21e2b4885724cee511361d415e27f55d193654cd33926589581c09cb6 [stream]
[debug] [2022-02-19T18:24:13.241Z] >>> [apiv2][query] POST https://upload-firebasehosting.googleapis.com/upload/sites/lascoyitasjuj/versions/27b326047a4fff7c/files/411a5f65a4b87b12a8332e29130acc8cb2821ffa89d26ed943a490518ec1b104 [none]
[debug] [2022-02-19T18:24:13.241Z] >>> [apiv2][body] POST https://upload-firebasehosting.googleapis.com/upload/sites/lascoyitasjuj/versions/27b326047a4fff7c/files/411a5f65a4b87b12a8332e29130acc8cb2821ffa89d26ed943a490518ec1b104 [stream]
[debug] [2022-02-19T18:24:13.242Z] >>> [apiv2][query] POST https://upload-firebasehosting.googleapis.com/upload/sites/lascoyitasjuj/versions/27b326047a4fff7c/files/4671e7e6ef67d6951cb2b5dfc75c3d579282c67bf1809a914f3c9b49e2f193c3 [none]
[debug] [2022-02-19T18:24:13.243Z] >>> [apiv2][body] POST https://upload-firebasehosting.googleapis.com/upload/sites/lascoyitasjuj/versions/27b326047a4fff7c/files/4671e7e6ef67d6951cb2b5dfc75c3d579282c67bf1809a914f3c9b49e2f193c3 [stream]
[debug] [2022-02-19T18:24:13.244Z] >>> [apiv2][query] POST https://upload-firebasehosting.googleapis.com/upload/sites/lascoyitasjuj/versions/27b326047a4fff7c/files/0561bd0dc33b73a085698d914614f7320f434be3640303c56e344af35e1842c5 [none]
[debug] [2022-02-19T18:24:13.244Z] >>> [apiv2][body] POST https://upload-firebasehosting.googleapis.com/upload/sites/lascoyitasjuj/versions/27b326047a4fff7c/files/0561bd0dc33b73a085698d914614f7320f434be3640303c56e344af35e1842c5 [stream]
[debug] [2022-02-19T18:24:13.246Z] >>> [apiv2][query] POST https://upload-firebasehosting.googleapis.com/upload/sites/lascoyitasjuj/versions/27b326047a4fff7c/files/c953c469fcd8798b8c271140a43cacdd34e78ebc3ebe38744ae8edc9c60ae205 [none]
[debug] [2022-02-19T18:24:13.246Z] >>> [apiv2][body] POST https://upload-firebasehosting.googleapis.com/upload/sites/lascoyitasjuj/versions/27b326047a4fff7c/files/c953c469fcd8798b8c271140a43cacdd34e78ebc3ebe38744ae8edc9c60ae205 [stream]
[debug] [2022-02-19T18:24:13.247Z] >>> [apiv2][query] POST https://upload-firebasehosting.googleapis.com/upload/sites/lascoyitasjuj/versions/27b326047a4fff7c/files/f246b50aca2e9f6d75dd100e6e769f49b598806505000ea3ce24a894e964687c [none]
[debug] [2022-02-19T18:24:13.248Z] >>> [apiv2][body] POST https://upload-firebasehosting.googleapis.com/upload/sites/lascoyitasjuj/versions/27b326047a4fff7c/files/f246b50aca2e9f6d75dd100e6e769f49b598806505000ea3ce24a894e964687c [stream]
[debug] [2022-02-19T18:24:13.249Z] [hosting][populate queue][FINAL] {"max":1520,"min":1520,"avg":1520,"active":0,"complete":1,"success":1,"errored":0,"retried":0,"total":1,"elapsed":1591}
[debug] [2022-02-19T18:24:13.250Z] [hosting] uploads queued: 39
[debug] [2022-02-19T18:24:15.136Z] <<< [apiv2][status] POST https://upload-firebasehosting.googleapis.com/upload/sites/lascoyitasjuj/versions/27b326047a4fff7c/files/4362933166e8795409fbbf790894eb5698412b55530000f8847086aab0eb8260 200
[debug] [2022-02-19T18:24:15.137Z] <<< [apiv2][body] POST https://upload-firebasehosting.googleapis.com/upload/sites/lascoyitasjuj/versions/27b326047a4fff7c/files/4362933166e8795409fbbf790894eb5698412b55530000f8847086aab0eb8260 [stream]
[debug] [2022-02-19T18:24:15.209Z] <<< [apiv2][status] POST https://upload-firebasehosting.googleapis.com/upload/sites/lascoyitasjuj/versions/27b326047a4fff7c/files/50a6049da61b0559d22a2a2892c0e39b8c6897cb63a157fb2d44fc8b68bcae66 200
[debug] [2022-02-19T18:24:15.209Z] <<< [apiv2][body] POST https://upload-firebasehosting.googleapis.com/upload/sites/lascoyitasjuj/versions/27b326047a4fff7c/files/50a6049da61b0559d22a2a2892c0e39b8c6897cb63a157fb2d44fc8b68bcae66 [stream]
[debug] [2022-02-19T18:24:15.215Z] <<< [apiv2][status] POST https://upload-firebasehosting.googleapis.com/upload/sites/lascoyitasjuj/versions/27b326047a4fff7c/files/a6e45556831487de10e61ea93964dd99495559e5e295f4ca21547f6cdf504a5c 200
[debug] [2022-02-19T18:24:15.215Z] <<< [apiv2][body] POST https://upload-firebasehosting.googleapis.com/upload/sites/lascoyitasjuj/versions/27b326047a4fff7c/files/a6e45556831487de10e61ea93964dd99495559e5e295f4ca21547f6cdf504a5c [stream]
[debug] [2022-02-19T18:24:15.241Z] <<< [apiv2][status] POST https://upload-firebasehosting.googleapis.com/upload/sites/lascoyitasjuj/versions/27b326047a4fff7c/files/0561bd0dc33b73a085698d914614f7320f434be3640303c56e344af35e1842c5 200
[debug] [2022-02-19T18:24:15.241Z] <<< [apiv2][body] POST https://upload-firebasehosting.googleapis.com/upload/sites/lascoyitasjuj/versions/27b326047a4fff7c/files/0561bd0dc33b73a085698d914614f7320f434be3640303c56e344af35e1842c5 [stream]
[debug] [2022-02-19T18:24:15.243Z] <<< [apiv2][status] POST https://upload-firebasehosting.googleapis.com/upload/sites/lascoyitasjuj/versions/27b326047a4fff7c/files/b257de0808956e4340bee71824fc03be9b899a8600ffb953a1212f638e0dee59 200
[debug] [2022-02-19T18:24:15.243Z] <<< [apiv2][body] POST https://upload-firebasehosting.googleapis.com/upload/sites/lascoyitasjuj/versions/27b326047a4fff7c/files/b257de0808956e4340bee71824fc03be9b899a8600ffb953a1212f638e0dee59 [stream]
[debug] [2022-02-19T18:24:15.270Z] <<< [apiv2][status] POST https://upload-firebasehosting.googleapis.com/upload/sites/lascoyitasjuj/versions/27b326047a4fff7c/files/7086d12bdba5a6565ebf6c482a7c111ee51663902ba35491385f482d30e8d34f 200
[debug] [2022-02-19T18:24:15.270Z] <<< [apiv2][body] POST https://upload-firebasehosting.googleapis.com/upload/sites/lascoyitasjuj/versions/27b326047a4fff7c/files/7086d12bdba5a6565ebf6c482a7c111ee51663902ba35491385f482d30e8d34f [stream]
[debug] [2022-02-19T18:24:15.301Z] <<< [apiv2][status] POST https://upload-firebasehosting.googleapis.com/upload/sites/lascoyitasjuj/versions/27b326047a4fff7c/files/1f0777df2393f14734edce7a5b3578ffc0ed23ce995e55ce900fcda08fdb6c0a 200
[debug] [2022-02-19T18:24:15.302Z] <<< [apiv2][body] POST https://upload-firebasehosting.googleapis.com/upload/sites/lascoyitasjuj/versions/27b326047a4fff7c/files/1f0777df2393f14734edce7a5b3578ffc0ed23ce995e55ce900fcda08fdb6c0a [stream]
[debug] [2022-02-19T18:24:15.304Z] <<< [apiv2][status] POST https://upload-firebasehosting.googleapis.com/upload/sites/lascoyitasjuj/versions/27b326047a4fff7c/files/e655006d1180f53307cc2698c5b18216852078940d88ce1a29ba7c46b146d20d 200
[debug] [2022-02-19T18:24:15.304Z] <<< [apiv2][body] POST https://upload-firebasehosting.googleapis.com/upload/sites/lascoyitasjuj/versions/27b326047a4fff7c/files/e655006d1180f53307cc2698c5b18216852078940d88ce1a29ba7c46b146d20d [stream]
[debug] [2022-02-19T18:24:15.326Z] <<< [apiv2][status] POST https://upload-firebasehosting.googleapis.com/upload/sites/lascoyitasjuj/versions/27b326047a4fff7c/files/60f28e7a33b94632ef8a07abbbb61522b55bd4dd6830100d5bbf2d707456a5cc 200
[debug] [2022-02-19T18:24:15.327Z] <<< [apiv2][body] POST https://upload-firebasehosting.googleapis.com/upload/sites/lascoyitasjuj/versions/27b326047a4fff7c/files/60f28e7a33b94632ef8a07abbbb61522b55bd4dd6830100d5bbf2d707456a5cc [stream]
[debug] [2022-02-19T18:24:15.376Z] <<< [apiv2][status] POST https://upload-firebasehosting.googleapis.com/upload/sites/lascoyitasjuj/versions/27b326047a4fff7c/files/0e978b0df8adb606478c106cda23ddcced024dfce218b0772f3ce3342e458597 200
[debug] [2022-02-19T18:24:15.376Z] <<< [apiv2][body] POST https://upload-firebasehosting.googleapis.com/upload/sites/lascoyitasjuj/versions/27b326047a4fff7c/files/0e978b0df8adb606478c106cda23ddcced024dfce218b0772f3ce3342e458597 [stream]
[debug] [2022-02-19T18:24:15.390Z] <<< [apiv2][status] POST https://upload-firebasehosting.googleapis.com/upload/sites/lascoyitasjuj/versions/27b326047a4fff7c/files/afc2fb2a085c834f2c8357cfcbb9882565bd2c104c88ac784d6608bc5a6399ce 200
[debug] [2022-02-19T18:24:15.390Z] <<< [apiv2][body] POST https://upload-firebasehosting.googleapis.com/upload/sites/lascoyitasjuj/versions/27b326047a4fff7c/files/afc2fb2a085c834f2c8357cfcbb9882565bd2c104c88ac784d6608bc5a6399ce [stream]
[debug] [2022-02-19T18:24:15.393Z] <<< [apiv2][status] POST https://upload-firebasehosting.googleapis.com/upload/sites/lascoyitasjuj/versions/27b326047a4fff7c/files/4671e7e6ef67d6951cb2b5dfc75c3d579282c67bf1809a914f3c9b49e2f193c3 200
[debug] [2022-02-19T18:24:15.394Z] <<< [apiv2][body] POST https://upload-firebasehosting.googleapis.com/upload/sites/lascoyitasjuj/versions/27b326047a4fff7c/files/4671e7e6ef67d6951cb2b5dfc75c3d579282c67bf1809a914f3c9b49e2f193c3 [stream]
[debug] [2022-02-19T18:24:15.401Z] <<< [apiv2][status] POST https://upload-firebasehosting.googleapis.com/upload/sites/lascoyitasjuj/versions/27b326047a4fff7c/files/9dd2339da23b6633417fe2c6b55563af8189a300fcf26d7385f7e5f9e10d8a18 200
[debug] [2022-02-19T18:24:15.401Z] <<< [apiv2][body] POST https://upload-firebasehosting.googleapis.com/upload/sites/lascoyitasjuj/versions/27b326047a4fff7c/files/9dd2339da23b6633417fe2c6b55563af8189a300fcf26d7385f7e5f9e10d8a18 [stream]
[debug] [2022-02-19T18:24:15.403Z] <<< [apiv2][status] POST https://upload-firebasehosting.googleapis.com/upload/sites/lascoyitasjuj/versions/27b326047a4fff7c/files/c65b4bf21e2b4885724cee511361d415e27f55d193654cd33926589581c09cb6 200
[debug] [2022-02-19T18:24:15.403Z] <<< [apiv2][body] POST https://upload-firebasehosting.googleapis.com/upload/sites/lascoyitasjuj/versions/27b326047a4fff7c/files/c65b4bf21e2b4885724cee511361d415e27f55d193654cd33926589581c09cb6 [stream]
[debug] [2022-02-19T18:24:15.426Z] <<< [apiv2][status] POST https://upload-firebasehosting.googleapis.com/upload/sites/lascoyitasjuj/versions/27b326047a4fff7c/files/cec036177bc833368355b5ca2001e301d45d55efccf5aceae2f1ebc13fa0005a 200
[debug] [2022-02-19T18:24:15.427Z] <<< [apiv2][body] POST https://upload-firebasehosting.googleapis.com/upload/sites/lascoyitasjuj/versions/27b326047a4fff7c/files/cec036177bc833368355b5ca2001e301d45d55efccf5aceae2f1ebc13fa0005a [stream]
[debug] [2022-02-19T18:24:15.444Z] <<< [apiv2][status] POST https://upload-firebasehosting.googleapis.com/upload/sites/lascoyitasjuj/versions/27b326047a4fff7c/files/f11c1aa94ad46d9f43d0bca8f82db552c8e0e7431fb53dbb7accd19c101b2639 200
[debug] [2022-02-19T18:24:15.444Z] <<< [apiv2][body] POST https://upload-firebasehosting.googleapis.com/upload/sites/lascoyitasjuj/versions/27b326047a4fff7c/files/f11c1aa94ad46d9f43d0bca8f82db552c8e0e7431fb53dbb7accd19c101b2639 [stream]
[debug] [2022-02-19T18:24:15.455Z] <<< [apiv2][status] POST https://upload-firebasehosting.googleapis.com/upload/sites/lascoyitasjuj/versions/27b326047a4fff7c/files/411a5f65a4b87b12a8332e29130acc8cb2821ffa89d26ed943a490518ec1b104 200
[debug] [2022-02-19T18:24:15.455Z] <<< [apiv2][body] POST https://upload-firebasehosting.googleapis.com/upload/sites/lascoyitasjuj/versions/27b326047a4fff7c/files/411a5f65a4b87b12a8332e29130acc8cb2821ffa89d26ed943a490518ec1b104 [stream]
[debug] [2022-02-19T18:24:15.477Z] <<< [apiv2][status] POST https://upload-firebasehosting.googleapis.com/upload/sites/lascoyitasjuj/versions/27b326047a4fff7c/files/2332362e7f291c4674e0e1d4a54d72a0aca114692fc2d01f9a59902573bc1c8a 200
[debug] [2022-02-19T18:24:15.477Z] <<< [apiv2][body] POST https://upload-firebasehosting.googleapis.com/upload/sites/lascoyitasjuj/versions/27b326047a4fff7c/files/2332362e7f291c4674e0e1d4a54d72a0aca114692fc2d01f9a59902573bc1c8a [stream]
[debug] [2022-02-19T18:24:15.483Z] <<< [apiv2][status] POST https://upload-firebasehosting.googleapis.com/upload/sites/lascoyitasjuj/versions/27b326047a4fff7c/files/daa499dd96d8229e73235345702ba32f0793f0c8e5c0d30e40e37a5872be57aa 200
[debug] [2022-02-19T18:24:15.483Z] <<< [apiv2][body] POST https://upload-firebasehosting.googleapis.com/upload/sites/lascoyitasjuj/versions/27b326047a4fff7c/files/daa499dd96d8229e73235345702ba32f0793f0c8e5c0d30e40e37a5872be57aa [stream]
[debug] [2022-02-19T18:24:15.547Z] <<< [apiv2][status] POST https://upload-firebasehosting.googleapis.com/upload/sites/lascoyitasjuj/versions/27b326047a4fff7c/files/e6e3ffd1652694d9e4002f103c78266a5079e79dcb951155bdfd9cfdadcaadb4 200
[debug] [2022-02-19T18:24:15.547Z] <<< [apiv2][body] POST https://upload-firebasehosting.googleapis.com/upload/sites/lascoyitasjuj/versions/27b326047a4fff7c/files/e6e3ffd1652694d9e4002f103c78266a5079e79dcb951155bdfd9cfdadcaadb4 [stream]
[debug] [2022-02-19T18:24:15.592Z] <<< [apiv2][status] POST https://upload-firebasehosting.googleapis.com/upload/sites/lascoyitasjuj/versions/27b326047a4fff7c/files/7a0ce536d68d57f283c30f863630ef1b6cd7f3fd8fdaec67d598830e6acbea3d 200
[debug] [2022-02-19T18:24:15.592Z] <<< [apiv2][body] POST https://upload-firebasehosting.googleapis.com/upload/sites/lascoyitasjuj/versions/27b326047a4fff7c/files/7a0ce536d68d57f283c30f863630ef1b6cd7f3fd8fdaec67d598830e6acbea3d [stream]
[debug] [2022-02-19T18:24:15.848Z] <<< [apiv2][status] POST https://upload-firebasehosting.googleapis.com/upload/sites/lascoyitasjuj/versions/27b326047a4fff7c/files/6a6d825ab511dd944636ddc8178a91cf6602bc7c1b61279211b3605c3f376686 200
[debug] [2022-02-19T18:24:15.849Z] <<< [apiv2][body] POST https://upload-firebasehosting.googleapis.com/upload/sites/lascoyitasjuj/versions/27b326047a4fff7c/files/6a6d825ab511dd944636ddc8178a91cf6602bc7c1b61279211b3605c3f376686 [stream]
[debug] [2022-02-19T18:24:16.005Z] <<< [apiv2][status] POST https://upload-firebasehosting.googleapis.com/upload/sites/lascoyitasjuj/versions/27b326047a4fff7c/files/791c4870c64359af0f40b7dcf5cdc454d95a9732bc5b775273407cbbd92a4a7d 200
[debug] [2022-02-19T18:24:16.006Z] <<< [apiv2][body] POST https://upload-firebasehosting.googleapis.com/upload/sites/lascoyitasjuj/versions/27b326047a4fff7c/files/791c4870c64359af0f40b7dcf5cdc454d95a9732bc5b775273407cbbd92a4a7d [stream]
[debug] [2022-02-19T18:24:16.015Z] <<< [apiv2][status] POST https://upload-firebasehosting.googleapis.com/upload/sites/lascoyitasjuj/versions/27b326047a4fff7c/files/5545c2bc0e53a582f6817f523b385ccf917c6ff12d5c55bcd9c2ca52666315a6 200
[debug] [2022-02-19T18:24:16.015Z] <<< [apiv2][body] POST https://upload-firebasehosting.googleapis.com/upload/sites/lascoyitasjuj/versions/27b326047a4fff7c/files/5545c2bc0e53a582f6817f523b385ccf917c6ff12d5c55bcd9c2ca52666315a6 [stream]
[debug] [2022-02-19T18:24:16.029Z] <<< [apiv2][status] POST https://upload-firebasehosting.googleapis.com/upload/sites/lascoyitasjuj/versions/27b326047a4fff7c/files/f246b50aca2e9f6d75dd100e6e769f49b598806505000ea3ce24a894e964687c 200
[debug] [2022-02-19T18:24:16.030Z] <<< [apiv2][body] POST https://upload-firebasehosting.googleapis.com/upload/sites/lascoyitasjuj/versions/27b326047a4fff7c/files/f246b50aca2e9f6d75dd100e6e769f49b598806505000ea3ce24a894e964687c [stream]
[debug] [2022-02-19T18:24:16.031Z] <<< [apiv2][status] POST https://upload-firebasehosting.googleapis.com/upload/sites/lascoyitasjuj/versions/27b326047a4fff7c/files/fb0f866e6a2894f184769f4a1986eed441c44e92a5cb8daf6597613335f02869 200
[debug] [2022-02-19T18:24:16.031Z] <<< [apiv2][body] POST https://upload-firebasehosting.googleapis.com/upload/sites/lascoyitasjuj/versions/27b326047a4fff7c/files/fb0f866e6a2894f184769f4a1986eed441c44e92a5cb8daf6597613335f02869 [stream]
[debug] [2022-02-19T18:24:16.097Z] <<< [apiv2][status] POST https://upload-firebasehosting.googleapis.com/upload/sites/lascoyitasjuj/versions/27b326047a4fff7c/files/8c6f408e120b01ad0838b69ba40b87fddffe6662a492325bd61de05514d873fd 200
[debug] [2022-02-19T18:24:16.098Z] <<< [apiv2][body] POST https://upload-firebasehosting.googleapis.com/upload/sites/lascoyitasjuj/versions/27b326047a4fff7c/files/8c6f408e120b01ad0838b69ba40b87fddffe6662a492325bd61de05514d873fd [stream]
[debug] [2022-02-19T18:24:16.326Z] <<< [apiv2][status] POST https://upload-firebasehosting.googleapis.com/upload/sites/lascoyitasjuj/versions/27b326047a4fff7c/files/182d8b952a97b3caef474ea45a28424d57ea563e424fcf99fdc292af7e01385e 200
[debug] [2022-02-19T18:24:16.326Z] <<< [apiv2][body] POST https://upload-firebasehosting.googleapis.com/upload/sites/lascoyitasjuj/versions/27b326047a4fff7c/files/182d8b952a97b3caef474ea45a28424d57ea563e424fcf99fdc292af7e01385e [stream]
[debug] [2022-02-19T18:24:16.379Z] <<< [apiv2][status] POST https://upload-firebasehosting.googleapis.com/upload/sites/lascoyitasjuj/versions/27b326047a4fff7c/files/751c81af8a05c8223d0aa609d47f5f12b9300ad0ab8751f3912539bd3060a74d 200
[debug] [2022-02-19T18:24:16.379Z] <<< [apiv2][body] POST https://upload-firebasehosting.googleapis.com/upload/sites/lascoyitasjuj/versions/27b326047a4fff7c/files/751c81af8a05c8223d0aa609d47f5f12b9300ad0ab8751f3912539bd3060a74d [stream]
[debug] [2022-02-19T18:24:16.424Z] <<< [apiv2][status] POST https://upload-firebasehosting.googleapis.com/upload/sites/lascoyitasjuj/versions/27b326047a4fff7c/files/bcb96c26f446f12228b55c5f8c749620e036e66c54d6086a3ed81be826a4c936 200
[debug] [2022-02-19T18:24:16.424Z] <<< [apiv2][body] POST https://upload-firebasehosting.googleapis.com/upload/sites/lascoyitasjuj/versions/27b326047a4fff7c/files/bcb96c26f446f12228b55c5f8c749620e036e66c54d6086a3ed81be826a4c936 [stream]
[debug] [2022-02-19T18:24:16.531Z] <<< [apiv2][status] POST https://upload-firebasehosting.googleapis.com/upload/sites/lascoyitasjuj/versions/27b326047a4fff7c/files/3387d27ddc0d0a076e1d377f77ae1ba1f22e484e358c6211b0ef9bc18241c635 200
[debug] [2022-02-19T18:24:16.532Z] <<< [apiv2][body] POST https://upload-firebasehosting.googleapis.com/upload/sites/lascoyitasjuj/versions/27b326047a4fff7c/files/3387d27ddc0d0a076e1d377f77ae1ba1f22e484e358c6211b0ef9bc18241c635 [stream]
[debug] [2022-02-19T18:24:16.640Z] <<< [apiv2][status] POST https://upload-firebasehosting.googleapis.com/upload/sites/lascoyitasjuj/versions/27b326047a4fff7c/files/b81dae676662e3eecd0cc8aea80f0e6c5195a34ebd94b246df104c03a1f4e728 200
[debug] [2022-02-19T18:24:16.640Z] <<< [apiv2][body] POST https://upload-firebasehosting.googleapis.com/upload/sites/lascoyitasjuj/versions/27b326047a4fff7c/files/b81dae676662e3eecd0cc8aea80f0e6c5195a34ebd94b246df104c03a1f4e728 [stream]
